<?xml version="1.0" encoding="UTF-8"?>
<!-- Generated by org.testng.reporters.JUnitReportReporter -->
<testsuite hostname="CREO-LT56" failures="0" tests="2" name="CucumberOption.TestRunnerClass" time="28.527" errors="0" timestamp="2023-12-11T12:53:09 IST" skipped="0">
  <testcase classname="CucumberOption.TestRunnerClass" name="runScenario" time="15.605"/>
  <system-out/>
  <testcase classname="CucumberOption.TestRunnerClass" name="runScenario" time="12.922"/>
  <system-out/>
</testsuite> <!-- CucumberOption.TestRunnerClass -->
